2023-05-29 00:30:07.952  INFO 16444 --- [Test worker] r.n.m.repository.TransferRepositoryTest  : Starting TransferRepositoryTest using Java 17.0.5 on LAPTOP-TC9S7EU5 with PID 16444 (started by Galas in C:\Users\Galas\OneDrive\Рабочий стол\Project\MoneyTransferService)
2023-05-29 00:30:07.955  INFO 16444 --- [Test worker] r.n.m.repository.TransferRepositoryTest  : No active profile set, falling back to 1 default profile: "default"
2023-05-29 00:30:12.993  INFO 16444 --- [Test worker] r.n.m.repository.TransferRepositoryTest  : Started TransferRepositoryTest in 5.687 seconds (JVM running for 28.215)
2023-05-29 00:54:22.321  INFO 5820 --- [Test worker] n.m.MoneyTransferServiceApplicationTests : Starting MoneyTransferServiceApplicationTests using Java 11.0.17 on LAPTOP-TC9S7EU5 with PID 5820 (started by Galas in C:\Users\Galas\OneDrive\Рабочий стол\Project\MoneyTransferService)
2023-05-29 00:54:22.325  INFO 5820 --- [Test worker] n.m.MoneyTransferServiceApplicationTests : No active profile set, falling back to 1 default profile: "default"
2023-05-29 00:54:26.648  INFO 5820 --- [Test worker] o.apache.catalina.core.StandardService   : Starting service [Tomcat]
2023-05-29 00:54:26.651  INFO 5820 --- [Test worker] org.apache.catalina.core.StandardEngine  : Starting Servlet engine: [Apache Tomcat/9.0.74]
2023-05-29 00:54:27.045  INFO 5820 --- [Test worker] o.a.c.c.C.[Tomcat].[localhost].[/]       : Initializing Spring embedded WebApplicationContext
2023-05-29 00:54:30.573  INFO 5820 --- [Test worker] n.m.MoneyTransferServiceApplicationTests : Started MoneyTransferServiceApplicationTests in 9.167 seconds (JVM running for 12.716)
2023-05-29 00:57:44.421  INFO 16468 --- [Test worker] n.m.MoneyTransferServiceApplicationTests : Starting MoneyTransferServiceApplicationTests using Java 11.0.17 on LAPTOP-TC9S7EU5 with PID 16468 (started by Galas in C:\Users\Galas\OneDrive\Рабочий стол\Project\MoneyTransferService)
2023-05-29 00:57:44.425  INFO 16468 --- [Test worker] n.m.MoneyTransferServiceApplicationTests : No active profile set, falling back to 1 default profile: "default"
2023-05-29 00:57:48.710  INFO 16468 --- [Test worker] o.apache.catalina.core.StandardService   : Starting service [Tomcat]
2023-05-29 00:57:48.711  INFO 16468 --- [Test worker] org.apache.catalina.core.StandardEngine  : Starting Servlet engine: [Apache Tomcat/9.0.74]
2023-05-29 00:57:49.076  INFO 16468 --- [Test worker] o.a.c.c.C.[Tomcat].[localhost].[/]       : Initializing Spring embedded WebApplicationContext
2023-05-29 00:57:52.878  INFO 16468 --- [Test worker] n.m.MoneyTransferServiceApplicationTests : Started MoneyTransferServiceApplicationTests in 9.575 seconds (JVM running for 42.824)
2023-05-29 01:00:41.257  INFO 8124 --- [Test worker] n.m.MoneyTransferServiceApplicationTests : Starting MoneyTransferServiceApplicationTests using Java 17.0.5 on LAPTOP-TC9S7EU5 with PID 8124 (started by Galas in C:\Users\Galas\OneDrive\Рабочий стол\Project\MoneyTransferService)
2023-05-29 01:00:41.261  INFO 8124 --- [Test worker] n.m.MoneyTransferServiceApplicationTests : No active profile set, falling back to 1 default profile: "default"
2023-05-29 01:00:44.318  INFO 8124 --- [Test worker] o.apache.catalina.core.StandardService   : Starting service [Tomcat]
2023-05-29 01:00:44.321  INFO 8124 --- [Test worker] org.apache.catalina.core.StandardEngine  : Starting Servlet engine: [Apache Tomcat/9.0.74]
2023-05-29 01:00:44.573  INFO 8124 --- [Test worker] o.a.c.c.C.[Tomcat].[localhost].[/]       : Initializing Spring embedded WebApplicationContext
2023-05-29 01:00:47.441  INFO 8124 --- [Test worker] n.m.MoneyTransferServiceApplicationTests : Started MoneyTransferServiceApplicationTests in 6.992 seconds (JVM running for 36.221)
2023-05-29 01:00:50.616  INFO 8124 --- [Test worker] r.n.m.repository.TransferRepositoryTest  : Starting TransferRepositoryTest using Java 17.0.5 on LAPTOP-TC9S7EU5 with PID 8124 (started by Galas in C:\Users\Galas\OneDrive\Рабочий стол\Project\MoneyTransferService)
2023-05-29 01:00:50.618  INFO 8124 --- [Test worker] r.n.m.repository.TransferRepositoryTest  : No active profile set, falling back to 1 default profile: "default"
2023-05-29 01:00:53.422  INFO 8124 --- [Test worker] r.n.m.repository.TransferRepositoryTest  : Started TransferRepositoryTest in 2.938 seconds (JVM running for 42.202)
2023-05-29 01:05:52.369  INFO 12472 --- [Test worker] r.n.m.repository.TransferRepositoryTest  : Starting TransferRepositoryTest using Java 17.0.5 on LAPTOP-TC9S7EU5 with PID 12472 (started by Galas in C:\Users\Galas\OneDrive\Рабочий стол\Project\MoneyTransferService)
2023-05-29 01:05:52.373  INFO 12472 --- [Test worker] r.n.m.repository.TransferRepositoryTest  : No active profile set, falling back to 1 default profile: "default"
2023-05-29 01:05:58.285  INFO 12472 --- [Test worker] r.n.m.repository.TransferRepositoryTest  : Started TransferRepositoryTest in 6.752 seconds (JVM running for 12.066)
2023-05-29 01:08:25.768  INFO 14960 --- [Test worker] n.m.MoneyTransferServiceApplicationTests : Starting MoneyTransferServiceApplicationTests using Java 17.0.5 on LAPTOP-TC9S7EU5 with PID 14960 (started by Galas in C:\Users\Galas\OneDrive\Рабочий стол\Project\MoneyTransferService)
2023-05-29 01:08:25.774  INFO 14960 --- [Test worker] n.m.MoneyTransferServiceApplicationTests : No active profile set, falling back to 1 default profile: "default"
2023-05-29 01:08:28.787  INFO 14960 --- [Test worker] o.apache.catalina.core.StandardService   : Starting service [Tomcat]
2023-05-29 01:08:28.787  INFO 14960 --- [Test worker] org.apache.catalina.core.StandardEngine  : Starting Servlet engine: [Apache Tomcat/9.0.74]
2023-05-29 01:08:29.017  INFO 14960 --- [Test worker] o.a.c.c.C.[Tomcat].[localhost].[/]       : Initializing Spring embedded WebApplicationContext
2023-05-29 01:08:31.842  INFO 14960 --- [Test worker] n.m.MoneyTransferServiceApplicationTests : Started MoneyTransferServiceApplicationTests in 6.877 seconds (JVM running for 67.331)
2023-05-29 01:08:34.477  INFO 14960 --- [Test worker] r.n.m.repository.TransferRepositoryTest  : Starting TransferRepositoryTest using Java 17.0.5 on LAPTOP-TC9S7EU5 with PID 14960 (started by Galas in C:\Users\Galas\OneDrive\Рабочий стол\Project\MoneyTransferService)
2023-05-29 01:08:34.478  INFO 14960 --- [Test worker] r.n.m.repository.TransferRepositoryTest  : No active profile set, falling back to 1 default profile: "default"
2023-05-29 01:08:36.643  INFO 14960 --- [Test worker] r.n.m.repository.TransferRepositoryTest  : Started TransferRepositoryTest in 2.237 seconds (JVM running for 72.132)
2023-05-29 01:21:16.241  INFO 8104 --- [Test worker] r.n.m.repository.TransferRepositoryTest  : Starting TransferRepositoryTest using Java 17.0.5 on LAPTOP-TC9S7EU5 with PID 8104 (started by Galas in C:\Users\Galas\OneDrive\Рабочий стол\Project\MoneyTransferService)
2023-05-29 01:21:16.245  INFO 8104 --- [Test worker] r.n.m.repository.TransferRepositoryTest  : No active profile set, falling back to 1 default profile: "default"
2023-05-29 01:21:21.828  INFO 8104 --- [Test worker] r.n.m.repository.TransferRepositoryTest  : Started TransferRepositoryTest in 6.326 seconds (JVM running for 9.752)
2023-05-29 01:27:05.527  INFO 7328 --- [Test worker] r.n.m.repository.TransferRepositoryTest  : Starting TransferRepositoryTest using Java 17.0.5 on LAPTOP-TC9S7EU5 with PID 7328 (started by Galas in C:\Users\Galas\OneDrive\Рабочий стол\Project\MoneyTransferService)
2023-05-29 01:27:05.532  INFO 7328 --- [Test worker] r.n.m.repository.TransferRepositoryTest  : No active profile set, falling back to 1 default profile: "default"
2023-05-29 01:27:10.606  INFO 7328 --- [Test worker] r.n.m.repository.TransferRepositoryTest  : Started TransferRepositoryTest in 5.867 seconds (JVM running for 9.782)
2023-05-29 01:37:28.084  INFO 19836 --- [Test worker] r.n.m.repository.TransferRepositoryTest  : Starting TransferRepositoryTest using Java 17.0.5 on LAPTOP-TC9S7EU5 with PID 19836 (started by Galas in C:\Users\Galas\OneDrive\Рабочий стол\Project\MoneyTransferService)
2023-05-29 01:37:28.087  INFO 19836 --- [Test worker] r.n.m.repository.TransferRepositoryTest  : No active profile set, falling back to 1 default profile: "default"
2023-05-29 01:37:32.905  INFO 19836 --- [Test worker] o.s.b.a.e.web.EndpointLinksResolver      : Exposing 1 endpoint(s) beneath base path '/actuator'
2023-05-29 01:37:33.082  INFO 19836 --- [Test worker] r.n.m.repository.TransferRepositoryTest  : Started TransferRepositoryTest in 5.7 seconds (JVM running for 9.017)
2023-05-29 01:43:43.862  INFO 8156 --- [Test worker] r.n.m.repository.TransferRepositoryTest  : Starting TransferRepositoryTest using Java 17.0.5 on LAPTOP-TC9S7EU5 with PID 8156 (started by Galas in C:\Users\Galas\OneDrive\Рабочий стол\Project\MoneyTransferService)
2023-05-29 01:43:43.866  INFO 8156 --- [Test worker] r.n.m.repository.TransferRepositoryTest  : No active profile set, falling back to 1 default profile: "default"
2023-05-29 01:43:48.857  INFO 8156 --- [Test worker] o.s.b.a.e.web.EndpointLinksResolver      : Exposing 1 endpoint(s) beneath base path '/actuator'
2023-05-29 01:43:48.998  INFO 8156 --- [Test worker] r.n.m.repository.TransferRepositoryTest  : Started TransferRepositoryTest in 5.87 seconds (JVM running for 9.391)
2023-05-29 01:48:15.145  INFO 20404 --- [Test worker] n.m.MoneyTransferServiceApplicationTests : Starting MoneyTransferServiceApplicationTests using Java 17.0.5 on LAPTOP-TC9S7EU5 with PID 20404 (started by Galas in C:\Users\Galas\OneDrive\Рабочий стол\Project\MoneyTransferService)
2023-05-29 01:48:15.149  INFO 20404 --- [Test worker] n.m.MoneyTransferServiceApplicationTests : No active profile set, falling back to 1 default profile: "default"
2023-05-29 01:48:18.511  INFO 20404 --- [Test worker] o.s.b.w.embedded.tomcat.TomcatWebServer  : Tomcat initialized with port(s): 0 (http)
2023-05-29 01:48:18.539  INFO 20404 --- [Test worker] o.apache.catalina.core.StandardService   : Starting service [Tomcat]
2023-05-29 01:48:18.540  INFO 20404 --- [Test worker] org.apache.catalina.core.StandardEngine  : Starting Servlet engine: [Apache Tomcat/9.0.74]
2023-05-29 01:48:18.778  INFO 20404 --- [Test worker] o.a.c.c.C.[Tomcat].[localhost].[/]       : Initializing Spring embedded WebApplicationContext
2023-05-29 01:48:18.779  INFO 20404 --- [Test worker] w.s.c.ServletWebServerApplicationContext : Root WebApplicationContext: initialization completed in 3578 ms
2023-05-29 01:48:21.290  INFO 20404 --- [Test worker] o.s.b.a.e.web.EndpointLinksResolver      : Exposing 1 endpoint(s) beneath base path '/actuator'
2023-05-29 01:48:21.488  INFO 20404 --- [Test worker] o.s.b.w.embedded.tomcat.TomcatWebServer  : Tomcat started on port(s): 56534 (http) with context path ''
2023-05-29 01:48:21.521  INFO 20404 --- [Test worker] n.m.MoneyTransferServiceApplicationTests : Started MoneyTransferServiceApplicationTests in 7.145 seconds (JVM running for 86.089)
2023-05-29 01:48:24.252  INFO 20404 --- [Test worker] .b.t.c.SpringBootTestContextBootstrapper : Neither @ContextConfiguration nor @ContextHierarchy found for test class [ru.netology.moneytransferservice.repository.TransferRepositoryTest], using SpringBootContextLoader
2023-05-29 01:48:24.254  INFO 20404 --- [Test worker] o.s.t.c.support.AbstractContextLoader    : Could not detect default resource locations for test class [ru.netology.moneytransferservice.repository.TransferRepositoryTest]: no resource found for suffixes {-context.xml, Context.groovy}.
2023-05-29 01:48:24.255  INFO 20404 --- [Test worker] t.c.s.AnnotationConfigContextLoaderUtils : Could not detect default configuration classes for test class [ru.netology.moneytransferservice.repository.TransferRepositoryTest]: TransferRepositoryTest does not declare any static, non-private, non-final, nested classes annotated with @Configuration.
2023-05-29 01:48:24.269  INFO 20404 --- [Test worker] .b.t.c.SpringBootTestContextBootstrapper : Found @SpringBootConfiguration ru.netology.moneytransferservice.MoneyTransferServiceApplication for test class ru.netology.moneytransferservice.repository.TransferRepositoryTest
2023-05-29 01:48:24.279  INFO 20404 --- [Test worker] .b.t.c.SpringBootTestContextBootstrapper : Loaded default TestExecutionListener class names from location [META-INF/spring.factories]: [org.springframework.boot.test.autoconfigure.restdocs.RestDocsTestExecutionListener, org.springframework.boot.test.autoconfigure.web.client.MockRestServiceServerResetTestExecutionListener, org.springframework.boot.test.autoconfigure.web.servlet.MockMvcPrintOnlyOnFailureTestExecutionListener, org.springframework.boot.test.autoconfigure.web.servlet.WebDriverTestExecutionListener, org.springframework.boot.test.autoconfigure.webservices.client.MockWebServiceServerTestExecutionListener, org.springframework.boot.test.mock.mockito.MockitoTestExecutionListener, org.springframework.boot.test.mock.mockito.ResetMocksTestExecutionListener, org.springframework.test.context.web.ServletTestExecutionListener, org.springframework.test.context.support.DirtiesContextBeforeModesTestExecutionListener, org.springframework.test.context.event.ApplicationEventsTestExecutionListener, org.springframework.test.context.support.DependencyInjectionTestExecutionListener, org.springframework.test.context.support.DirtiesContextTestExecutionListener, org.springframework.test.context.transaction.TransactionalTestExecutionListener, org.springframework.test.context.jdbc.SqlScriptsTestExecutionListener, org.springframework.test.context.event.EventPublishingTestExecutionListener]
2023-05-29 01:48:24.281  INFO 20404 --- [Test worker] .b.t.c.SpringBootTestContextBootstrapper : Using TestExecutionListeners: [org.springframework.test.context.web.ServletTestExecutionListener@271a140c, org.springframework.test.context.support.DirtiesContextBeforeModesTestExecutionListener@74c23525, org.springframework.test.context.event.ApplicationEventsTestExecutionListener@176054b7, org.springframework.boot.test.mock.mockito.MockitoTestExecutionListener@531bec12, org.springframework.boot.test.autoconfigure.SpringBootDependencyInjectionTestExecutionListener@24563809, org.springframework.test.context.support.DirtiesContextTestExecutionListener@41d84abb, org.springframework.test.context.event.EventPublishingTestExecutionListener@54087bdb, org.springframework.boot.test.autoconfigure.restdocs.RestDocsTestExecutionListener@587f6634, org.springframework.boot.test.autoconfigure.web.client.MockRestServiceServerResetTestExecutionListener@4d7c9b42, org.springframework.boot.test.autoconfigure.web.servlet.MockMvcPrintOnlyOnFailureTestExecutionListener@4ef28dc4, org.springframework.boot.test.autoconfigure.web.servlet.WebDriverTestExecutionListener@59b3f162, org.springframework.boot.test.autoconfigure.webservices.client.MockWebServiceServerTestExecutionListener@7ade62a6, org.springframework.boot.test.mock.mockito.ResetMocksTestExecutionListener@53d15034]
2023-05-29 01:48:24.403  INFO 20404 --- [Test worker] r.n.m.repository.TransferRepositoryTest  : Starting TransferRepositoryTest using Java 17.0.5 on LAPTOP-TC9S7EU5 with PID 20404 (started by Galas in C:\Users\Galas\OneDrive\Рабочий стол\Project\MoneyTransferService)
2023-05-29 01:48:24.404  INFO 20404 --- [Test worker] r.n.m.repository.TransferRepositoryTest  : No active profile set, falling back to 1 default profile: "default"
2023-05-29 01:48:26.611  INFO 20404 --- [Test worker] o.s.b.a.e.web.EndpointLinksResolver      : Exposing 1 endpoint(s) beneath base path '/actuator'
2023-05-29 01:48:26.695  INFO 20404 --- [Test worker] r.n.m.repository.TransferRepositoryTest  : Started TransferRepositoryTest in 2.363 seconds (JVM running for 91.264)
2023-05-29 01:59:02.458  INFO 4280 --- [Test worker] n.m.MoneyTransferServiceApplicationTests : Starting MoneyTransferServiceApplicationTests using Java 17.0.5 on LAPTOP-TC9S7EU5 with PID 4280 (started by Galas in C:\Users\Galas\OneDrive\Рабочий стол\Project\MoneyTransferService)
2023-05-29 01:59:02.462  INFO 4280 --- [Test worker] n.m.MoneyTransferServiceApplicationTests : No active profile set, falling back to 1 default profile: "default"
2023-05-29 01:59:05.768  INFO 4280 --- [Test worker] o.s.b.w.embedded.tomcat.TomcatWebServer  : Tomcat initialized with port(s): 0 (http)
2023-05-29 01:59:05.795  INFO 4280 --- [Test worker] o.apache.catalina.core.StandardService   : Starting service [Tomcat]
2023-05-29 01:59:05.796  INFO 4280 --- [Test worker] org.apache.catalina.core.StandardEngine  : Starting Servlet engine: [Apache Tomcat/9.0.74]
2023-05-29 01:59:06.037  INFO 4280 --- [Test worker] o.a.c.c.C.[Tomcat].[localhost].[/]       : Initializing Spring embedded WebApplicationContext
2023-05-29 01:59:06.038  INFO 4280 --- [Test worker] w.s.c.ServletWebServerApplicationContext : Root WebApplicationContext: initialization completed in 3501 ms
2023-05-29 01:59:08.961  INFO 4280 --- [Test worker] o.s.b.a.e.web.EndpointLinksResolver      : Exposing 1 endpoint(s) beneath base path '/actuator'
2023-05-29 01:59:09.217  INFO 4280 --- [Test worker] o.s.b.w.embedded.tomcat.TomcatWebServer  : Tomcat started on port(s): 55084 (http) with context path ''
2023-05-29 01:59:09.253  INFO 4280 --- [Test worker] n.m.MoneyTransferServiceApplicationTests : Started MoneyTransferServiceApplicationTests in 7.611 seconds (JVM running for 80.254)
2023-05-29 01:59:12.122  INFO 4280 --- [Test worker] .b.t.c.SpringBootTestContextBootstrapper : Neither @ContextConfiguration nor @ContextHierarchy found for test class [ru.netology.moneytransferservice.repository.TransferRepositoryTest], using SpringBootContextLoader
2023-05-29 01:59:12.124  INFO 4280 --- [Test worker] o.s.t.c.support.AbstractContextLoader    : Could not detect default resource locations for test class [ru.netology.moneytransferservice.repository.TransferRepositoryTest]: no resource found for suffixes {-context.xml, Context.groovy}.
2023-05-29 01:59:12.125  INFO 4280 --- [Test worker] t.c.s.AnnotationConfigContextLoaderUtils : Could not detect default configuration classes for test class [ru.netology.moneytransferservice.repository.TransferRepositoryTest]: TransferRepositoryTest does not declare any static, non-private, non-final, nested classes annotated with @Configuration.
2023-05-29 01:59:12.140  INFO 4280 --- [Test worker] .b.t.c.SpringBootTestContextBootstrapper : Found @SpringBootConfiguration ru.netology.moneytransferservice.MoneyTransferServiceApplication for test class ru.netology.moneytransferservice.repository.TransferRepositoryTest
2023-05-29 01:59:12.144  INFO 4280 --- [Test worker] .b.t.c.SpringBootTestContextBootstrapper : Loaded default TestExecutionListener class names from location [META-INF/spring.factories]: [org.springframework.boot.test.autoconfigure.restdocs.RestDocsTestExecutionListener, org.springframework.boot.test.autoconfigure.web.client.MockRestServiceServerResetTestExecutionListener, org.springframework.boot.test.autoconfigure.web.servlet.MockMvcPrintOnlyOnFailureTestExecutionListener, org.springframework.boot.test.autoconfigure.web.servlet.WebDriverTestExecutionListener, org.springframework.boot.test.autoconfigure.webservices.client.MockWebServiceServerTestExecutionListener, org.springframework.boot.test.mock.mockito.MockitoTestExecutionListener, org.springframework.boot.test.mock.mockito.ResetMocksTestExecutionListener, org.springframework.test.context.web.ServletTestExecutionListener, org.springframework.test.context.support.DirtiesContextBeforeModesTestExecutionListener, org.springframework.test.context.event.ApplicationEventsTestExecutionListener, org.springframework.test.context.support.DependencyInjectionTestExecutionListener, org.springframework.test.context.support.DirtiesContextTestExecutionListener, org.springframework.test.context.transaction.TransactionalTestExecutionListener, org.springframework.test.context.jdbc.SqlScriptsTestExecutionListener, org.springframework.test.context.event.EventPublishingTestExecutionListener]
2023-05-29 01:59:12.146  INFO 4280 --- [Test worker] .b.t.c.SpringBootTestContextBootstrapper : Using TestExecutionListeners: [org.springframework.test.context.web.ServletTestExecutionListener@41d84abb, org.springframework.test.context.support.DirtiesContextBeforeModesTestExecutionListener@54087bdb, org.springframework.test.context.event.ApplicationEventsTestExecutionListener@587f6634, org.springframework.boot.test.mock.mockito.MockitoTestExecutionListener@4d7c9b42, org.springframework.boot.test.autoconfigure.SpringBootDependencyInjectionTestExecutionListener@4ef28dc4, org.springframework.test.context.support.DirtiesContextTestExecutionListener@59b3f162, org.springframework.test.context.event.EventPublishingTestExecutionListener@7ade62a6, org.springframework.boot.test.autoconfigure.restdocs.RestDocsTestExecutionListener@53d15034, org.springframework.boot.test.autoconfigure.web.client.MockRestServiceServerResetTestExecutionListener@9976b27, org.springframework.boot.test.autoconfigure.web.servlet.MockMvcPrintOnlyOnFailureTestExecutionListener@4fe9a396, org.springframework.boot.test.autoconfigure.web.servlet.WebDriverTestExecutionListener@462b239f, org.springframework.boot.test.autoconfigure.webservices.client.MockWebServiceServerTestExecutionListener@1fa29b9e, org.springframework.boot.test.mock.mockito.ResetMocksTestExecutionListener@2d5e051e]
2023-05-29 01:59:12.219  INFO 4280 --- [Test worker] r.n.m.repository.TransferRepositoryTest  : Starting TransferRepositoryTest using Java 17.0.5 on LAPTOP-TC9S7EU5 with PID 4280 (started by Galas in C:\Users\Galas\OneDrive\Рабочий стол\Project\MoneyTransferService)
2023-05-29 01:59:12.222  INFO 4280 --- [Test worker] r.n.m.repository.TransferRepositoryTest  : No active profile set, falling back to 1 default profile: "default"
2023-05-29 01:59:14.280  INFO 4280 --- [Test worker] o.s.b.a.e.web.EndpointLinksResolver      : Exposing 1 endpoint(s) beneath base path '/actuator'
2023-05-29 01:59:14.362  INFO 4280 --- [Test worker] r.n.m.repository.TransferRepositoryTest  : Started TransferRepositoryTest in 2.201 seconds (JVM running for 85.362)
2023-05-29 02:12:40.966  INFO 3100 --- [Test worker] n.m.MoneyTransferServiceApplicationTests : Starting MoneyTransferServiceApplicationTests using Java 17.0.5 on LAPTOP-TC9S7EU5 with PID 3100 (started by Galas in C:\Users\Galas\OneDrive\Рабочий стол\Project\MoneyTransferService)
2023-05-29 02:12:40.969  INFO 3100 --- [Test worker] n.m.MoneyTransferServiceApplicationTests : No active profile set, falling back to 1 default profile: "default"
2023-05-29 02:12:44.416  INFO 3100 --- [Test worker] o.s.b.w.embedded.tomcat.TomcatWebServer  : Tomcat initialized with port(s): 0 (http)
2023-05-29 02:12:44.447  INFO 3100 --- [Test worker] o.apache.catalina.core.StandardService   : Starting service [Tomcat]
2023-05-29 02:12:44.447  INFO 3100 --- [Test worker] org.apache.catalina.core.StandardEngine  : Starting Servlet engine: [Apache Tomcat/9.0.74]
2023-05-29 02:12:44.684  INFO 3100 --- [Test worker] o.a.c.c.C.[Tomcat].[localhost].[/]       : Initializing Spring embedded WebApplicationContext
2023-05-29 02:12:44.684  INFO 3100 --- [Test worker] w.s.c.ServletWebServerApplicationContext : Root WebApplicationContext: initialization completed in 3657 ms
2023-05-29 02:12:47.155  INFO 3100 --- [Test worker] o.s.b.a.e.web.EndpointLinksResolver      : Exposing 1 endpoint(s) beneath base path '/actuator'
2023-05-29 02:12:47.355  INFO 3100 --- [Test worker] o.s.b.w.embedded.tomcat.TomcatWebServer  : Tomcat started on port(s): 59696 (http) with context path ''
2023-05-29 02:12:47.385  INFO 3100 --- [Test worker] n.m.MoneyTransferServiceApplicationTests : Started MoneyTransferServiceApplicationTests in 7.284 seconds (JVM running for 37.285)
2023-05-29 02:12:49.815  INFO 3100 --- [Test worker] .b.t.c.SpringBootTestContextBootstrapper : Neither @ContextConfiguration nor @ContextHierarchy found for test class [ru.netology.moneytransferservice.repository.TransferRepositoryTest], using SpringBootContextLoader
2023-05-29 02:12:49.816  INFO 3100 --- [Test worker] o.s.t.c.support.AbstractContextLoader    : Could not detect default resource locations for test class [ru.netology.moneytransferservice.repository.TransferRepositoryTest]: no resource found for suffixes {-context.xml, Context.groovy}.
2023-05-29 02:12:49.817  INFO 3100 --- [Test worker] t.c.s.AnnotationConfigContextLoaderUtils : Could not detect default configuration classes for test class [ru.netology.moneytransferservice.repository.TransferRepositoryTest]: TransferRepositoryTest does not declare any static, non-private, non-final, nested classes annotated with @Configuration.
2023-05-29 02:12:49.834  INFO 3100 --- [Test worker] .b.t.c.SpringBootTestContextBootstrapper : Found @SpringBootConfiguration ru.netology.moneytransferservice.MoneyTransferServiceApplication for test class ru.netology.moneytransferservice.repository.TransferRepositoryTest
2023-05-29 02:12:49.837  INFO 3100 --- [Test worker] .b.t.c.SpringBootTestContextBootstrapper : Loaded default TestExecutionListener class names from location [META-INF/spring.factories]: [org.springframework.boot.test.autoconfigure.restdocs.RestDocsTestExecutionListener, org.springframework.boot.test.autoconfigure.web.client.MockRestServiceServerResetTestExecutionListener, org.springframework.boot.test.autoconfigure.web.servlet.MockMvcPrintOnlyOnFailureTestExecutionListener, org.springframework.boot.test.autoconfigure.web.servlet.WebDriverTestExecutionListener, org.springframework.boot.test.autoconfigure.webservices.client.MockWebServiceServerTestExecutionListener, org.springframework.boot.test.mock.mockito.MockitoTestExecutionListener, org.springframework.boot.test.mock.mockito.ResetMocksTestExecutionListener, org.springframework.test.context.web.ServletTestExecutionListener, org.springframework.test.context.support.DirtiesContextBeforeModesTestExecutionListener, org.springframework.test.context.event.ApplicationEventsTestExecutionListener, org.springframework.test.context.support.DependencyInjectionTestExecutionListener, org.springframework.test.context.support.DirtiesContextTestExecutionListener, org.springframework.test.context.transaction.TransactionalTestExecutionListener, org.springframework.test.context.jdbc.SqlScriptsTestExecutionListener, org.springframework.test.context.event.EventPublishingTestExecutionListener]
2023-05-29 02:12:49.840  INFO 3100 --- [Test worker] .b.t.c.SpringBootTestContextBootstrapper : Using TestExecutionListeners: [org.springframework.test.context.web.ServletTestExecutionListener@333efb51, org.springframework.test.context.support.DirtiesContextBeforeModesTestExecutionListener@2c451c4a, org.springframework.test.context.event.ApplicationEventsTestExecutionListener@38ad86b1, org.springframework.boot.test.mock.mockito.MockitoTestExecutionListener@73ff7a54, org.springframework.boot.test.autoconfigure.SpringBootDependencyInjectionTestExecutionListener@375ff309, org.springframework.test.context.support.DirtiesContextTestExecutionListener@337c0ee4, org.springframework.test.context.event.EventPublishingTestExecutionListener@67b09e34, org.springframework.boot.test.autoconfigure.restdocs.RestDocsTestExecutionListener@6f95654c, org.springframework.boot.test.autoconfigure.web.client.MockRestServiceServerResetTestExecutionListener@271a140c, org.springframework.boot.test.autoconfigure.web.servlet.MockMvcPrintOnlyOnFailureTestExecutionListener@74c23525, org.springframework.boot.test.autoconfigure.web.servlet.WebDriverTestExecutionListener@176054b7, org.springframework.boot.test.autoconfigure.webservices.client.MockWebServiceServerTestExecutionListener@531bec12, org.springframework.boot.test.mock.mockito.ResetMocksTestExecutionListener@24563809]
2023-05-29 02:12:49.970  INFO 3100 --- [Test worker] r.n.m.repository.TransferRepositoryTest  : Starting TransferRepositoryTest using Java 17.0.5 on LAPTOP-TC9S7EU5 with PID 3100 (started by Galas in C:\Users\Galas\OneDrive\Рабочий стол\Project\MoneyTransferService)
2023-05-29 02:12:49.971  INFO 3100 --- [Test worker] r.n.m.repository.TransferRepositoryTest  : No active profile set, falling back to 1 default profile: "default"
2023-05-29 02:12:51.978  INFO 3100 --- [Test worker] o.s.b.a.e.web.EndpointLinksResolver      : Exposing 1 endpoint(s) beneath base path '/actuator'
2023-05-29 02:12:52.104  INFO 3100 --- [Test worker] r.n.m.repository.TransferRepositoryTest  : Started TransferRepositoryTest in 2.246 seconds (JVM running for 42.003)
2023-05-29 02:14:27.591  INFO 18064 --- [Test worker] n.m.MoneyTransferServiceApplicationTests : Starting MoneyTransferServiceApplicationTests using Java 17.0.5 on LAPTOP-TC9S7EU5 with PID 18064 (started by Galas in C:\Users\Galas\OneDrive\Рабочий стол\Project\MoneyTransferService)
2023-05-29 02:14:27.596  INFO 18064 --- [Test worker] n.m.MoneyTransferServiceApplicationTests : No active profile set, falling back to 1 default profile: "default"
2023-05-29 02:14:30.807  INFO 18064 --- [Test worker] o.s.b.w.embedded.tomcat.TomcatWebServer  : Tomcat initialized with port(s): 0 (http)
2023-05-29 02:14:30.835  INFO 18064 --- [Test worker] o.apache.catalina.core.StandardService   : Starting service [Tomcat]
2023-05-29 02:14:30.837  INFO 18064 --- [Test worker] org.apache.catalina.core.StandardEngine  : Starting Servlet engine: [Apache Tomcat/9.0.74]
2023-05-29 02:14:31.080  INFO 18064 --- [Test worker] o.a.c.c.C.[Tomcat].[localhost].[/]       : Initializing Spring embedded WebApplicationContext
2023-05-29 02:14:31.081  INFO 18064 --- [Test worker] w.s.c.ServletWebServerApplicationContext : Root WebApplicationContext: initialization completed in 3433 ms
2023-05-29 02:14:33.657  INFO 18064 --- [Test worker] o.s.b.a.e.web.EndpointLinksResolver      : Exposing 1 endpoint(s) beneath base path '/actuator'
2023-05-29 02:14:33.916  INFO 18064 --- [Test worker] o.s.b.w.embedded.tomcat.TomcatWebServer  : Tomcat started on port(s): 59748 (http) with context path ''
2023-05-29 02:14:33.957  INFO 18064 --- [Test worker] n.m.MoneyTransferServiceApplicationTests : Started MoneyTransferServiceApplicationTests in 7.161 seconds (JVM running for 36.147)
2023-05-29 02:14:36.568  INFO 18064 --- [Test worker] .b.t.c.SpringBootTestContextBootstrapper : Neither @ContextConfiguration nor @ContextHierarchy found for test class [ru.netology.moneytransferservice.repository.TransferRepositoryTest], using SpringBootContextLoader
2023-05-29 02:14:36.571  INFO 18064 --- [Test worker] o.s.t.c.support.AbstractContextLoader    : Could not detect default resource locations for test class [ru.netology.moneytransferservice.repository.TransferRepositoryTest]: no resource found for suffixes {-context.xml, Context.groovy}.
2023-05-29 02:14:36.572  INFO 18064 --- [Test worker] t.c.s.AnnotationConfigContextLoaderUtils : Could not detect default configuration classes for test class [ru.netology.moneytransferservice.repository.TransferRepositoryTest]: TransferRepositoryTest does not declare any static, non-private, non-final, nested classes annotated with @Configuration.
2023-05-29 02:14:36.587  INFO 18064 --- [Test worker] .b.t.c.SpringBootTestContextBootstrapper : Found @SpringBootConfiguration ru.netology.moneytransferservice.MoneyTransferServiceApplication for test class ru.netology.moneytransferservice.repository.TransferRepositoryTest
2023-05-29 02:14:36.591  INFO 18064 --- [Test worker] .b.t.c.SpringBootTestContextBootstrapper : Loaded default TestExecutionListener class names from location [META-INF/spring.factories]: [org.springframework.boot.test.autoconfigure.restdocs.RestDocsTestExecutionListener, org.springframework.boot.test.autoconfigure.web.client.MockRestServiceServerResetTestExecutionListener, org.springframework.boot.test.autoconfigure.web.servlet.MockMvcPrintOnlyOnFailureTestExecutionListener, org.springframework.boot.test.autoconfigure.web.servlet.WebDriverTestExecutionListener, org.springframework.boot.test.autoconfigure.webservices.client.MockWebServiceServerTestExecutionListener, org.springframework.boot.test.mock.mockito.MockitoTestExecutionListener, org.springframework.boot.test.mock.mockito.ResetMocksTestExecutionListener, org.springframework.test.context.web.ServletTestExecutionListener, org.springframework.test.context.support.DirtiesContextBeforeModesTestExecutionListener, org.springframework.test.context.event.ApplicationEventsTestExecutionListener, org.springframework.test.context.support.DependencyInjectionTestExecutionListener, org.springframework.test.context.support.DirtiesContextTestExecutionListener, org.springframework.test.context.transaction.TransactionalTestExecutionListener, org.springframework.test.context.jdbc.SqlScriptsTestExecutionListener, org.springframework.test.context.event.EventPublishingTestExecutionListener]
2023-05-29 02:14:36.594  INFO 18064 --- [Test worker] .b.t.c.SpringBootTestContextBootstrapper : Using TestExecutionListeners: [org.springframework.test.context.web.ServletTestExecutionListener@43549c6c, org.springframework.test.context.support.DirtiesContextBeforeModesTestExecutionListener@7792e14f, org.springframework.test.context.event.ApplicationEventsTestExecutionListener@4eace42b, org.springframework.boot.test.mock.mockito.MockitoTestExecutionListener@6f87a7c7, org.springframework.boot.test.autoconfigure.SpringBootDependencyInjectionTestExecutionListener@857f1a7, org.springframework.test.context.support.DirtiesContextTestExecutionListener@682fe17b, org.springframework.test.context.event.EventPublishingTestExecutionListener@418bdde9, org.springframework.boot.test.autoconfigure.restdocs.RestDocsTestExecutionListener@13e0f380, org.springframework.boot.test.autoconfigure.web.client.MockRestServiceServerResetTestExecutionListener@240df292, org.springframework.boot.test.autoconfigure.web.servlet.MockMvcPrintOnlyOnFailureTestExecutionListener@333efb51, org.springframework.boot.test.autoconfigure.web.servlet.WebDriverTestExecutionListener@2c451c4a, org.springframework.boot.test.autoconfigure.webservices.client.MockWebServiceServerTestExecutionListener@38ad86b1, org.springframework.boot.test.mock.mockito.ResetMocksTestExecutionListener@73ff7a54]
2023-05-29 02:14:36.660  INFO 18064 --- [Test worker] r.n.m.repository.TransferRepositoryTest  : Starting TransferRepositoryTest using Java 17.0.5 on LAPTOP-TC9S7EU5 with PID 18064 (started by Galas in C:\Users\Galas\OneDrive\Рабочий стол\Project\MoneyTransferService)
2023-05-29 02:14:36.661  INFO 18064 --- [Test worker] r.n.m.repository.TransferRepositoryTest  : No active profile set, falling back to 1 default profile: "default"
2023-05-29 02:14:39.264  INFO 18064 --- [Test worker] o.s.b.a.e.web.EndpointLinksResolver      : Exposing 1 endpoint(s) beneath base path '/actuator'
2023-05-29 02:14:39.385  INFO 18064 --- [Test worker] r.n.m.repository.TransferRepositoryTest  : Started TransferRepositoryTest in 2.777 seconds (JVM running for 41.575)
